<?xml version="1.0" encoding="UTF-8"?>
<testsuites name="Smoke" time="70.297" tests="1" failures="0" errors="0">
   <testsuite name="Smoke" tests="1" failures="0" errors="0" time="70.297" skipped="0" timestamp="2022-10-27 13:26:33" hostname="virgosol - localhost" id="Test Suites/Smoke">
      <properties>
         <property name="deviceName" value=""/>
         <property name="devicePlatform" value=""/>
         <property name="logFolder" value="/Users/virgosol/Katalon Studio/AutomationExercise_Test1/Reports/20221027_132622/Smoke/20221027_132623"/>
         <property name="logFiles" value="/Users/virgosol/Katalon Studio/AutomationExercise_Test1/Reports/20221027_132622/Smoke/20221027_132623/execution0.log"/>
         <property name="attachments" value=""/>
         <property name="hostName" value="virgosol - localhost"/>
         <property name="os" value="Mac OS X 64bit"/>
         <property name="katalonVersion" value="8.5.2.208"/>
         <property name="browser" value="Chrome 107.0.0.0"/>
         <property name="hostAddress" value="127.0.0.1"/>
         <property name="sessionId" value="801ad5c762fb8991001a6ce3abae1997"/>
         <property name="seleniumVersion" value="3.141.59"/>
         <property name="proxyInformation" value="ProxyInformation { proxyOption=NO_PROXY, proxyServerType=HTTP, username=, password=********, proxyServerAddress=, proxyServerPort=0, executionList=&quot;&quot;, isApplyToDesiredCapabilities=true }"/>
         <property name="platform" value="Mac OS X"/>
      </properties>
      <testcase name="Test Cases/AutomationExercise/TC001 - Register User" time="69.887" classname="Test Cases/AutomationExercise/TC001 - Register User" status="PASSED">
         <system-out><![CDATA[2022-10-27 13:26:33 - [TEST_CASE][PASSED] - Test Cases/AutomationExercise/TC001 - Register User: Test Cases/AutomationExercise/TC001 - Register User

2022-10-27 13:26:34 - [TEST_STEP][PASSED] - openBrowser(url): Browser is opened with url: 'www.automationexercise.com'

2022-10-27 13:26:34 - [MESSAGE][INFO] - Starting 'Chrome' driver

2022-10-27 13:26:34 - [MESSAGE][INFO] - Action delay is set to 0 milliseconds

2022-10-27 13:26:50 - [MESSAGE][PASSED] - Browser is opened with url: 'www.automationexercise.com'

2022-10-27 13:26:50 - [TEST_STEP][PASSED] - maximizeWindow(): Current window maximized

2022-10-27 13:26:50 - [MESSAGE][PASSED] - Current window maximized

2022-10-27 13:26:50 - [TEST_STEP][PASSED] - verifyElementPresent(findTestObject("TC001 Register User/Page_Automation Exercise/txt_Category"), 0): Object 'Object Repository/TC001 Register User/Page_Automation Exercise/txt_Category' is present

2022-10-27 13:26:51 - [MESSAGE][WARNING] - Timeout '0' is invalid. Using default page load timeout: '30'

2022-10-27 13:26:51 - [MESSAGE][PASSED] - Object 'Object Repository/TC001 Register User/Page_Automation Exercise/txt_Category' is present

2022-10-27 13:26:51 - [TEST_STEP][PASSED] - click(findTestObject("TC001 Register User/Page_Automation Exercise/btn_SignUpLogin")): Object: 'Object Repository/TC001 Register User/Page_Automation Exercise/btn_SignUpLogin' is clicked on

2022-10-27 13:26:57 - [MESSAGE][PASSED] - Object: 'Object Repository/TC001 Register User/Page_Automation Exercise/btn_SignUpLogin' is clicked on

2022-10-27 13:26:57 - [TEST_STEP][PASSED] - verifyElementVisible(findTestObject("TC001 Register User/Page_Automation Exercise - Signup  Login/txt_newUserSignUp")): Object 'Object Repository/TC001 Register User/Page_Automation Exercise - Signup  Login/txt_newUserSignUp' is visible

2022-10-27 13:26:58 - [MESSAGE][PASSED] - Object 'Object Repository/TC001 Register User/Page_Automation Exercise - Signup  Login/txt_newUserSignUp' is visible

2022-10-27 13:26:58 - [TEST_STEP][PASSED] - setText(findTestObject("TC001 Register User/Page_Automation Exercise - Signup  Login/input_signUpName"), "Yasin"): Text 'Yasin' is set on object 'Object Repository/TC001 Register User/Page_Automation Exercise - Signup  Login/input_signUpName'

2022-10-27 13:27:00 - [MESSAGE][PASSED] - Text 'Yasin' is set on object 'Object Repository/TC001 Register User/Page_Automation Exercise - Signup  Login/input_signUpName'

2022-10-27 13:27:00 - [TEST_STEP][PASSED] - setText(findTestObject("TC001 Register User/Page_Automation Exercise - Signup  Login/input_signUpEmail"), "yasin.deger@virgosol.com"): Text 'yasin.deger@virgosol.com' is set on object 'Object Repository/TC001 Register User/Page_Automation Exercise - Signup  Login/input_signUpEmail'

2022-10-27 13:27:02 - [MESSAGE][PASSED] - Text 'yasin.deger@virgosol.com' is set on object 'Object Repository/TC001 Register User/Page_Automation Exercise - Signup  Login/input_signUpEmail'

2022-10-27 13:27:02 - [TEST_STEP][PASSED] - click(findTestObject("TC001 Register User/Page_Automation Exercise - Signup  Login/btn_signUp")): Object: 'Object Repository/TC001 Register User/Page_Automation Exercise - Signup  Login/btn_signUp' is clicked on

2022-10-27 13:27:09 - [MESSAGE][PASSED] - Object: 'Object Repository/TC001 Register User/Page_Automation Exercise - Signup  Login/btn_signUp' is clicked on

2022-10-27 13:27:09 - [TEST_STEP][PASSED] - click(findTestObject("TC001 Register User/Page_Automation Exercise - Signup/check_MrTitle")): Object: 'Object Repository/TC001 Register User/Page_Automation Exercise - Signup/check_MrTitle' is clicked on

2022-10-27 13:27:10 - [MESSAGE][PASSED] - Object: 'Object Repository/TC001 Register User/Page_Automation Exercise - Signup/check_MrTitle' is clicked on

2022-10-27 13:27:10 - [TEST_STEP][PASSED] - getText(findTestObject("TC001 Register User/Page_Automation Exercise - Signup/input__name"), STOP_ON_FAILURE): Text of object 'Object Repository/TC001 Register User/Page_Automation Exercise - Signup/input__name' is: ''

2022-10-27 13:27:11 - [MESSAGE][PASSED] - Text of object 'Object Repository/TC001 Register User/Page_Automation Exercise - Signup/input__name' is: ''

2022-10-27 13:27:11 - [TEST_STEP][PASSED] - getText(findTestObject("TC001 Register User/Page_Automation Exercise - Signup/input__email"), STOP_ON_FAILURE): Text of object 'Object Repository/TC001 Register User/Page_Automation Exercise - Signup/input__email' is: ''

2022-10-27 13:27:11 - [MESSAGE][PASSED] - Text of object 'Object Repository/TC001 Register User/Page_Automation Exercise - Signup/input__email' is: ''

2022-10-27 13:27:11 - [TEST_STEP][PASSED] - setEncryptedText(findTestObject("TC001 Register User/Page_Automation Exercise - Signup/input__password"), "tO3m0nBa5UU8Rk419DvAxw=="): Text ****** has been set on object 'Object Repository/TC001 Register User/Page_Automation Exercise - Signup/input__password'

2022-10-27 13:27:12 - [MESSAGE][PASSED] - Text ****** has been set on object 'Object Repository/TC001 Register User/Page_Automation Exercise - Signup/input__password'

2022-10-27 13:27:12 - [TEST_STEP][PASSED] - selectOptionByValue(findTestObject("TC001 Register User/Page_Automation Exercise - Signup/select_day"), "1", false): All options with value '1' are selected in object 'Object Repository/TC001 Register User/Page_Automation Exercise - Signup/select_day' 

2022-10-27 13:27:13 - [MESSAGE][PASSED] - All options with value '1' are selected in object 'Object Repository/TC001 Register User/Page_Automation Exercise - Signup/select_day' 

2022-10-27 13:27:13 - [TEST_STEP][PASSED] - selectOptionByValue(findTestObject("TC001 Register User/Page_Automation Exercise - Signup/select_month"), "5", false): All options with value '5' are selected in object 'Object Repository/TC001 Register User/Page_Automation Exercise - Signup/select_month' 

2022-10-27 13:27:14 - [MESSAGE][PASSED] - All options with value '5' are selected in object 'Object Repository/TC001 Register User/Page_Automation Exercise - Signup/select_month' 

2022-10-27 13:27:14 - [TEST_STEP][PASSED] - selectOptionByValue(findTestObject("TC001 Register User/Page_Automation Exercise - Signup/select_year"), "2021", false): All options with value '2021' are selected in object 'Object Repository/TC001 Register User/Page_Automation Exercise - Signup/select_year' 

2022-10-27 13:27:15 - [MESSAGE][PASSED] - All options with value '2021' are selected in object 'Object Repository/TC001 Register User/Page_Automation Exercise - Signup/select_year' 

2022-10-27 13:27:15 - [TEST_STEP][PASSED] - sendKeys(findTestObject("TC001 Register User/Page_Automation Exercise - Signup/input__addressFirstName"), "Yasin"): Keys 'Yasin' sent to object: 'Object Repository/TC001 Register User/Page_Automation Exercise - Signup/input__addressFirstName'

2022-10-27 13:27:16 - [MESSAGE][PASSED] - Keys 'Yasin' sent to object: 'Object Repository/TC001 Register User/Page_Automation Exercise - Signup/input__addressFirstName'

2022-10-27 13:27:16 - [TEST_STEP][PASSED] - setText(findTestObject("TC001 Register User/Page_Automation Exercise - Signup/input__addressLastName"), "Değer"): Text 'Değer' is set on object 'Object Repository/TC001 Register User/Page_Automation Exercise - Signup/input__addressLastName'

2022-10-27 13:27:17 - [MESSAGE][PASSED] - Text 'Değer' is set on object 'Object Repository/TC001 Register User/Page_Automation Exercise - Signup/input__addressLastName'

2022-10-27 13:27:17 - [TEST_STEP][PASSED] - setText(findTestObject("TC001 Register User/Page_Automation Exercise - Signup/input__addressCompany"), "virgosol"): Text 'virgosol' is set on object 'Object Repository/TC001 Register User/Page_Automation Exercise - Signup/input__addressCompany'

2022-10-27 13:27:18 - [MESSAGE][PASSED] - Text 'virgosol' is set on object 'Object Repository/TC001 Register User/Page_Automation Exercise - Signup/input__addressCompany'

2022-10-27 13:27:18 - [TEST_STEP][PASSED] - setText(findTestObject("TC001 Register User/Page_Automation Exercise - Signup/input__addressAddress1"), "İzmir"): Text 'İzmir' is set on object 'Object Repository/TC001 Register User/Page_Automation Exercise - Signup/input__addressAddress1'

2022-10-27 13:27:19 - [MESSAGE][PASSED] - Text 'İzmir' is set on object 'Object Repository/TC001 Register User/Page_Automation Exercise - Signup/input__addressAddress1'

2022-10-27 13:27:19 - [TEST_STEP][PASSED] - selectOptionByValue(findTestObject("TC001 Register User/Page_Automation Exercise - Signup/select_addressUnitedStates"), "United States", false): All options with value 'United States' are selected in object 'Object Repository/TC001 Register User/Page_Automation Exercise - Signup/select_addressUnitedStates' 

2022-10-27 13:27:20 - [MESSAGE][PASSED] - All options with value 'United States' are selected in object 'Object Repository/TC001 Register User/Page_Automation Exercise - Signup/select_addressUnitedStates' 

2022-10-27 13:27:20 - [TEST_STEP][PASSED] - setText(findTestObject("TC001 Register User/Page_Automation Exercise - Signup/input__addressState"), "CA"): Text 'CA' is set on object 'Object Repository/TC001 Register User/Page_Automation Exercise - Signup/input__addressState'

2022-10-27 13:27:21 - [MESSAGE][PASSED] - Text 'CA' is set on object 'Object Repository/TC001 Register User/Page_Automation Exercise - Signup/input__addressState'

2022-10-27 13:27:21 - [TEST_STEP][PASSED] - setText(findTestObject("TC001 Register User/Page_Automation Exercise - Signup/input__addressCity"), "Virginia"): Text 'Virginia' is set on object 'Object Repository/TC001 Register User/Page_Automation Exercise - Signup/input__addressCity'

2022-10-27 13:27:22 - [MESSAGE][PASSED] - Text 'Virginia' is set on object 'Object Repository/TC001 Register User/Page_Automation Exercise - Signup/input__addressCity'

2022-10-27 13:27:22 - [TEST_STEP][PASSED] - setText(findTestObject("TC001 Register User/Page_Automation Exercise - Signup/input__addressZipCode"), "35000"): Text '35000' is set on object 'Object Repository/TC001 Register User/Page_Automation Exercise - Signup/input__addressZipCode'

2022-10-27 13:27:22 - [MESSAGE][PASSED] - Text '35000' is set on object 'Object Repository/TC001 Register User/Page_Automation Exercise - Signup/input__addressZipCode'

2022-10-27 13:27:22 - [TEST_STEP][PASSED] - setText(findTestObject("TC001 Register User/Page_Automation Exercise - Signup/input__addressMobileNumber"), "5308245631"): Text '5308245631' is set on object 'Object Repository/TC001 Register User/Page_Automation Exercise - Signup/input__addressMobileNumber'

2022-10-27 13:27:23 - [MESSAGE][PASSED] - Text '5308245631' is set on object 'Object Repository/TC001 Register User/Page_Automation Exercise - Signup/input__addressMobileNumber'

2022-10-27 13:27:23 - [TEST_STEP][PASSED] - scrollToElement(findTestObject("TC001 Register User/Page_Automation Exercise - Signup/btn_CreateAccount"), 0): Scroll to object 'Object Repository/TC001 Register User/Page_Automation Exercise - Signup/btn_CreateAccount' successfully

2022-10-27 13:27:23 - [MESSAGE][WARNING] - Timeout '0' is invalid. Using default page load timeout: '30'

2022-10-27 13:27:24 - [MESSAGE][PASSED] - Scroll to object 'Object Repository/TC001 Register User/Page_Automation Exercise - Signup/btn_CreateAccount' successfully

2022-10-27 13:27:24 - [TEST_STEP][PASSED] - click(findTestObject("TC001 Register User/Page_Automation Exercise - Signup/btn_CreateAccount")): Object: 'Object Repository/TC001 Register User/Page_Automation Exercise - Signup/btn_CreateAccount' is clicked on

2022-10-27 13:27:28 - [MESSAGE][PASSED] - Object: 'Object Repository/TC001 Register User/Page_Automation Exercise - Signup/btn_CreateAccount' is clicked on

2022-10-27 13:27:28 - [TEST_STEP][PASSED] - verifyElementPresent(findTestObject("TC001 Register User/Page_Automation Exercise - Account Created/txt_AccountCreated"), 0): Object 'Object Repository/TC001 Register User/Page_Automation Exercise - Account Created/txt_AccountCreated' is present

2022-10-27 13:27:28 - [MESSAGE][WARNING] - Timeout '0' is invalid. Using default page load timeout: '30'

2022-10-27 13:27:29 - [MESSAGE][PASSED] - Object 'Object Repository/TC001 Register User/Page_Automation Exercise - Account Created/txt_AccountCreated' is present

2022-10-27 13:27:29 - [TEST_STEP][PASSED] - click(findTestObject("TC001 Register User/Page_Automation Exercise - Account Created/btn_Continue")): Object: 'Object Repository/TC001 Register User/Page_Automation Exercise - Account Created/btn_Continue' is clicked on

2022-10-27 13:27:33 - [MESSAGE][PASSED] - Object: 'Object Repository/TC001 Register User/Page_Automation Exercise - Account Created/btn_Continue' is clicked on

2022-10-27 13:27:33 - [TEST_STEP][PASSED] - loginName = getText(findTestObject("TC001 Register User/Page_Automation Exercise/txt_loggedNameAsMehmet")): Text of object 'Object Repository/TC001 Register User/Page_Automation Exercise/txt_loggedNameAsMehmet' is: 'Logged in as Yasin'

2022-10-27 13:27:34 - [MESSAGE][PASSED] - Text of object 'Object Repository/TC001 Register User/Page_Automation Exercise/txt_loggedNameAsMehmet' is: 'Logged in as Yasin'

2022-10-27 13:27:34 - [TEST_STEP][PASSED] - verifyElementText(findTestObject("TC001 Register User/Page_Automation Exercise/txt_loggedNameAsMehmet"), loginName): Actual text and expected text of test object 'Object Repository/TC001 Register User/Page_Automation Exercise/txt_loggedNameAsMehmet' are matched.

2022-10-27 13:27:35 - [MESSAGE][PASSED] - Actual text and expected text of test object 'Object Repository/TC001 Register User/Page_Automation Exercise/txt_loggedNameAsMehmet' are matched.

2022-10-27 13:27:35 - [TEST_STEP][PASSED] - click(findTestObject("TC001 Register User/Page_Automation Exercise/btn_deleteAccount")): Object: 'Object Repository/TC001 Register User/Page_Automation Exercise/btn_deleteAccount' is clicked on

2022-10-27 13:27:37 - [MESSAGE][PASSED] - Object: 'Object Repository/TC001 Register User/Page_Automation Exercise/btn_deleteAccount' is clicked on

2022-10-27 13:27:37 - [TEST_STEP][PASSED] - verifyElementPresent(findTestObject("TC001 Register User/Page_Automation Exercise - Account Created/txt_Account Deleted"), 0): Object 'Object Repository/TC001 Register User/Page_Automation Exercise - Account Created/txt_Account Deleted' is present

2022-10-27 13:27:37 - [MESSAGE][WARNING] - Timeout '0' is invalid. Using default page load timeout: '30'

2022-10-27 13:27:38 - [MESSAGE][PASSED] - Object 'Object Repository/TC001 Register User/Page_Automation Exercise - Account Created/txt_Account Deleted' is present

2022-10-27 13:27:38 - [TEST_STEP][PASSED] - click(findTestObject("TC001 Register User/Page_Automation Exercise - Account Created/btn_Continue")): Object: 'Object Repository/TC001 Register User/Page_Automation Exercise - Account Created/btn_Continue' is clicked on

2022-10-27 13:27:43 - [MESSAGE][PASSED] - Object: 'Object Repository/TC001 Register User/Page_Automation Exercise - Account Created/btn_Continue' is clicked on

2022-10-27 13:27:43 - [TEST_STEP][PASSED] - closeBrowser(): Browser is closed

2022-10-27 13:27:43 - [MESSAGE][PASSED] - Browser is closed]]></system-out>
         <system-err><![CDATA[]]></system-err>
      </testcase>
      <system-out><![CDATA[2022-10-27 13:26:33 - [TEST_SUITE][PASSED] - Smoke: Test Cases/AutomationExercise/TC001 - Register User]]></system-out>
      <system-err><![CDATA[]]></system-err>
   </testsuite>
</testsuites>
